2011-09-24 22:25:37 Error: Testing LogError() basic function
2011-09-24 22:25:37 Error: Testing with multi-line string
2011-10-03 23:23:42 Warning: Warning (2): mysql_connect() [<a href='http://php.net/function.mysql-connect'>function.mysql-connect</a>]: [2002] No connection could be made because the target machine actively  (trying to connect via tcp://localhost:3306) in [D:\xampp\htdocs\sal\cake\libs\model\datasources\dbo\dbo_mysql.php, line 561]
2011-10-03 23:23:42 Warning: Warning (2): mysql_connect() [<a href='http://php.net/function.mysql-connect'>function.mysql-connect</a>]: No connection could be made because the target machine actively refused it.
 in [D:\xampp\htdocs\sal\cake\libs\model\datasources\dbo\dbo_mysql.php, line 561]
2011-10-03 23:23:42 Warning: Warning (2): mysql_query() expects parameter 2 to be resource, boolean given in [D:\xampp\htdocs\sal\cake\libs\model\datasources\dbo\dbo_mysql.php, line 613]
2011-10-03 23:23:42 Warning: Warning (2): Cannot modify header information - headers already sent by (output started at D:\xampp\htdocs\sal\cake\libs\debugger.php:683) in [D:\xampp\htdocs\sal\cake\libs\controller\controller.php, line 742]
2011-12-02 21:38:02 Warning: Warning (2): mysql_connect() [<a href='function.mysql-connect'>function.mysql-connect</a>]: Access denied for user 'user'@'localhost' (using password: YES) in [D:\xampp\htdocs\sal\cake\libs\model\datasources\dbo\dbo_mysql.php, line 561]
2011-12-02 21:38:02 Warning: Warning (2): mysql_query() expects parameter 2 to be resource, boolean given in [D:\xampp\htdocs\sal\cake\libs\model\datasources\dbo\dbo_mysql.php, line 613]
2012-01-05 17:54:15 Warning: Warning (2): mysql_connect() [<a href='function.mysql-connect'>function.mysql-connect</a>]: Access denied for user 'user'@'localhost' (using password: YES) in [D:\xampp\htdocs\sal\cake\libs\model\datasources\dbo\dbo_mysql.php, line 561]
2012-01-05 17:54:15 Warning: Warning (2): mysql_query() expects parameter 2 to be resource, boolean given in [D:\xampp\htdocs\sal\cake\libs\model\datasources\dbo\dbo_mysql.php, line 613]
2012-01-05 17:54:22 Warning: Warning (2): mysql_connect() [<a href='function.mysql-connect'>function.mysql-connect</a>]: Access denied for user 'user'@'localhost' (using password: YES) in [D:\xampp\htdocs\sal\cake\libs\model\datasources\dbo\dbo_mysql.php, line 561]
2012-01-05 17:54:23 Warning: Warning (2): mysql_query() expects parameter 2 to be resource, boolean given in [D:\xampp\htdocs\sal\cake\libs\model\datasources\dbo\dbo_mysql.php, line 613]
2012-01-05 17:54:26 Warning: Warning (2): mysql_connect() [<a href='function.mysql-connect'>function.mysql-connect</a>]: Access denied for user 'user'@'localhost' (using password: YES) in [D:\xampp\htdocs\sal\cake\libs\model\datasources\dbo\dbo_mysql.php, line 561]
2012-01-05 17:54:26 Warning: Warning (2): mysql_query() expects parameter 2 to be resource, boolean given in [D:\xampp\htdocs\sal\cake\libs\model\datasources\dbo\dbo_mysql.php, line 613]
2012-09-26 19:22:39 Warning: Warning (512): <span style="color:Red;text-align:left"><b>SQL Error:</b> 1048: Column 'usuario_id' cannot be null</span> in [D:\xampp\htdocs\sal\cake\libs\model\datasources\dbo_source.php, line 684]
2013-02-28 10:11:31 Warning: Warning (2): mysql_connect() [<a href='function.mysql-connect'>function.mysql-connect</a>]: MySQL server has gone away in [D:\xampp\htdocs\salplus\cake\libs\model\datasources\dbo\dbo_mysql.php, line 561]
2013-02-28 10:11:32 Warning: Warning (2): mysql_connect() [<a href='function.mysql-connect'>function.mysql-connect</a>]: MySQL server has gone away in [D:\xampp\htdocs\salplus\cake\libs\model\datasources\dbo\dbo_mysql.php, line 561]
2013-02-28 10:11:32 Warning: Warning (2): mysql_query() expects parameter 2 to be resource, boolean given in [D:\xampp\htdocs\salplus\cake\libs\model\datasources\dbo\dbo_mysql.php, line 613]
2013-03-01 14:09:05 Warning: Warning (512): <span style="color:Red;text-align:left"><b>SQL Error:</b> 1054: Unknown column 'name' in 'order clause'</span> in [D:\xampp\htdocs\salplus\cake\libs\model\datasources\dbo_source.php, line 684]
2013-03-01 14:09:05 Warning: Warning (2): Invalid argument supplied for foreach() in [D:\xampp\htdocs\salplus\app\models\aditivo.php, line 47]
2013-03-01 14:09:49 Warning: Warning (512): <span style="color:Red;text-align:left"><b>SQL Error:</b> 1054: Unknown column 'name' in 'order clause'</span> in [D:\xampp\htdocs\salplus\cake\libs\model\datasources\dbo_source.php, line 684]
2013-03-01 14:09:49 Warning: Warning (2): Invalid argument supplied for foreach() in [D:\xampp\htdocs\salplus\app\models\aditivo.php, line 47]
2013-03-01 14:09:55 Warning: Warning (512): <span style="color:Red;text-align:left"><b>SQL Error:</b> 1054: Unknown column 'name' in 'order clause'</span> in [D:\xampp\htdocs\salplus\cake\libs\model\datasources\dbo_source.php, line 684]
2013-03-01 14:09:55 Warning: Warning (2): Invalid argument supplied for foreach() in [D:\xampp\htdocs\salplus\app\models\aditivo.php, line 47]
2013-03-01 14:10:22 Warning: Warning (512): <span style="color:Red;text-align:left"><b>SQL Error:</b> 1052: Column 'numero' in order clause is ambiguous</span> in [D:\xampp\htdocs\salplus\cake\libs\model\datasources\dbo_source.php, line 684]
2013-03-01 14:10:22 Warning: Warning (2): Invalid argument supplied for foreach() in [D:\xampp\htdocs\salplus\app\models\aditivo.php, line 47]
2013-03-01 15:32:03 Warning: Warning (2): array_keys() expects parameter 1 to be array, null given in [D:\xampp\htdocs\salplus\app\models\behaviors\searchable.php, line 89]
2013-03-01 15:32:03 Warning: Warning (2): Invalid argument supplied for foreach() in [D:\xampp\htdocs\salplus\app\models\behaviors\searchable.php, line 90]
2013-03-01 15:32:03 Warning: Warning (2): Invalid argument supplied for foreach() in [D:\xampp\htdocs\salplus\app\controllers\components\prg.php, line 160]
2013-03-01 15:32:03 Warning: Warning (2): Cannot modify header information - headers already sent by (output started at D:\xampp\htdocs\salplus\cake\libs\debugger.php:686) in [D:\xampp\htdocs\salplus\cake\libs\controller\controller.php, line 742]
2013-03-01 15:32:41 Warning: Warning (2): array_keys() expects parameter 1 to be array, null given in [D:\xampp\htdocs\salplus\app\models\behaviors\searchable.php, line 89]
2013-03-01 15:32:41 Warning: Warning (2): Invalid argument supplied for foreach() in [D:\xampp\htdocs\salplus\app\models\behaviors\searchable.php, line 90]
2013-03-01 15:32:41 Warning: Warning (2): Invalid argument supplied for foreach() in [D:\xampp\htdocs\salplus\app\controllers\components\prg.php, line 160]
2013-03-01 15:32:41 Warning: Warning (2): Cannot modify header information - headers already sent by (output started at D:\xampp\htdocs\salplus\cake\libs\debugger.php:686) in [D:\xampp\htdocs\salplus\cake\libs\controller\controller.php, line 742]
2013-03-01 15:33:16 Warning: Warning (2): array_keys() expects parameter 1 to be array, null given in [D:\xampp\htdocs\salplus\app\models\behaviors\searchable.php, line 89]
2013-03-01 15:33:16 Warning: Warning (2): Invalid argument supplied for foreach() in [D:\xampp\htdocs\salplus\app\models\behaviors\searchable.php, line 90]
2013-03-01 15:33:16 Warning: Warning (2): Invalid argument supplied for foreach() in [D:\xampp\htdocs\salplus\app\controllers\components\prg.php, line 160]
2013-03-01 15:33:16 Warning: Warning (2): Cannot modify header information - headers already sent by (output started at D:\xampp\htdocs\salplus\cake\libs\debugger.php:686) in [D:\xampp\htdocs\salplus\cake\libs\controller\controller.php, line 742]
2013-03-01 15:34:47 Warning: Warning (2): array_keys() expects parameter 1 to be array, null given in [D:\xampp\htdocs\salplus\app\models\behaviors\searchable.php, line 89]
2013-03-01 15:34:47 Warning: Warning (2): Invalid argument supplied for foreach() in [D:\xampp\htdocs\salplus\app\models\behaviors\searchable.php, line 90]
2013-03-01 15:34:47 Warning: Warning (2): Invalid argument supplied for foreach() in [D:\xampp\htdocs\salplus\app\controllers\components\prg.php, line 160]
2013-03-01 15:34:47 Warning: Warning (2): Cannot modify header information - headers already sent by (output started at D:\xampp\htdocs\salplus\cake\libs\debugger.php:686) in [D:\xampp\htdocs\salplus\cake\libs\controller\controller.php, line 742]
2013-03-01 15:36:13 Warning: Warning (2): array_keys() expects parameter 1 to be array, null given in [D:\xampp\htdocs\salplus\app\models\behaviors\searchable.php, line 89]
2013-03-01 15:36:13 Warning: Warning (2): Invalid argument supplied for foreach() in [D:\xampp\htdocs\salplus\app\models\behaviors\searchable.php, line 90]
2013-03-01 15:36:13 Warning: Warning (2): Invalid argument supplied for foreach() in [D:\xampp\htdocs\salplus\app\controllers\components\prg.php, line 160]
2013-03-01 15:36:13 Warning: Warning (2): Cannot modify header information - headers already sent by (output started at D:\xampp\htdocs\salplus\cake\libs\debugger.php:686) in [D:\xampp\htdocs\salplus\cake\libs\controller\controller.php, line 742]
2013-03-01 15:36:31 Warning: Warning (2): array_keys() expects parameter 1 to be array, null given in [D:\xampp\htdocs\salplus\app\models\behaviors\searchable.php, line 89]
2013-03-01 15:36:31 Warning: Warning (2): Invalid argument supplied for foreach() in [D:\xampp\htdocs\salplus\app\models\behaviors\searchable.php, line 90]
2013-03-01 15:36:31 Warning: Warning (2): Invalid argument supplied for foreach() in [D:\xampp\htdocs\salplus\app\controllers\components\prg.php, line 160]
2013-03-01 15:36:31 Warning: Warning (2): Cannot modify header information - headers already sent by (output started at D:\xampp\htdocs\salplus\cake\libs\debugger.php:686) in [D:\xampp\htdocs\salplus\cake\libs\controller\controller.php, line 742]
2013-03-01 15:37:06 Warning: Warning (2): array_keys() expects parameter 1 to be array, null given in [D:\xampp\htdocs\salplus\app\models\behaviors\searchable.php, line 89]
2013-03-01 15:37:06 Warning: Warning (2): Invalid argument supplied for foreach() in [D:\xampp\htdocs\salplus\app\models\behaviors\searchable.php, line 90]
2013-03-01 15:37:06 Warning: Warning (2): Invalid argument supplied for foreach() in [D:\xampp\htdocs\salplus\app\controllers\components\prg.php, line 160]
2013-03-01 15:37:06 Warning: Warning (2): Cannot modify header information - headers already sent by (output started at D:\xampp\htdocs\salplus\cake\libs\debugger.php:686) in [D:\xampp\htdocs\salplus\cake\libs\controller\controller.php, line 742]
2013-03-01 15:37:39 Warning: Warning (2): array_keys() expects parameter 1 to be array, null given in [D:\xampp\htdocs\salplus\app\models\behaviors\searchable.php, line 89]
2013-03-01 15:37:39 Warning: Warning (2): Invalid argument supplied for foreach() in [D:\xampp\htdocs\salplus\app\models\behaviors\searchable.php, line 90]
2013-03-01 15:37:39 Warning: Warning (2): Invalid argument supplied for foreach() in [D:\xampp\htdocs\salplus\app\controllers\components\prg.php, line 160]
2013-03-01 15:37:39 Warning: Warning (2): Cannot modify header information - headers already sent by (output started at D:\xampp\htdocs\salplus\cake\libs\debugger.php:686) in [D:\xampp\htdocs\salplus\cake\libs\controller\controller.php, line 742]
2013-03-01 15:40:42 Warning: Warning (2): array_keys() expects parameter 1 to be array, null given in [D:\xampp\htdocs\salplus\app\models\behaviors\searchable.php, line 89]
2013-03-01 15:40:42 Warning: Warning (2): Invalid argument supplied for foreach() in [D:\xampp\htdocs\salplus\app\models\behaviors\searchable.php, line 90]
2013-03-01 15:40:43 Warning: Warning (2): Invalid argument supplied for foreach() in [D:\xampp\htdocs\salplus\app\controllers\components\prg.php, line 160]
2013-03-01 15:40:43 Warning: Warning (2): Cannot modify header information - headers already sent by (output started at D:\xampp\htdocs\salplus\cake\libs\debugger.php:686) in [D:\xampp\htdocs\salplus\cake\libs\controller\controller.php, line 742]
2013-03-01 15:42:18 Warning: Warning (2): array_keys() expects parameter 1 to be array, null given in [D:\xampp\htdocs\salplus\app\models\behaviors\searchable.php, line 89]
2013-03-01 15:42:18 Warning: Warning (2): Invalid argument supplied for foreach() in [D:\xampp\htdocs\salplus\app\models\behaviors\searchable.php, line 90]
2013-03-01 15:42:18 Warning: Warning (2): Invalid argument supplied for foreach() in [D:\xampp\htdocs\salplus\app\controllers\components\prg.php, line 160]
2013-03-01 15:42:19 Warning: Warning (2): Cannot modify header information - headers already sent by (output started at D:\xampp\htdocs\salplus\cake\libs\debugger.php:686) in [D:\xampp\htdocs\salplus\cake\libs\controller\controller.php, line 742]
2013-03-01 19:02:51 Warning: Warning (512): <span style="color:Red;text-align:left"><b>SQL Error:</b> 1048: Column 'modified_by' cannot be null</span> in [D:\xampp\htdocs\salplus\cake\libs\model\datasources\dbo_source.php, line 684]
2013-03-04 14:02:39 Warning: Warning (512): <span style="color:Red;text-align:left"><b>SQL Error:</b> 1054: Unknown column 'LIKE' in 'where clause'</span> in [D:\xampp\htdocs\salplus\cake\libs\model\datasources\dbo_source.php, line 684]
2013-03-04 14:02:39 Warning: Warning (2): Invalid argument supplied for foreach() in [D:\xampp\htdocs\salplus\app\models\ocorrencia.php, line 50]
2013-03-05 00:00:19 Warning: Warning (512): <span style="color:Red;text-align:left"><b>SQL Error:</b> 1054: Unknown column 'LIKE' in 'where clause'</span> in [D:\xampp\htdocs\salplus\cake\libs\model\datasources\dbo_source.php, line 684]
2013-03-05 00:00:19 Warning: Warning (2): Invalid argument supplied for foreach() in [D:\xampp\htdocs\salplus\app\models\ocorrencia.php, line 50]
2013-03-05 13:36:20 Warning: Warning (512): <span style="color:Red;text-align:left"><b>SQL Error:</b> 1054: Unknown column 'LIKE' in 'where clause'</span> in [D:\xampp\htdocs\salplus\cake\libs\model\datasources\dbo_source.php, line 684]
2013-03-05 13:36:20 Warning: Warning (2): Invalid argument supplied for foreach() in [D:\xampp\htdocs\salplus\app\models\ocorrencia.php, line 50]
2013-03-05 15:03:51 Warning: Warning (512): <span style="color:Red;text-align:left"><b>SQL Error:</b> 1054: Unknown column 'LIKE' in 'where clause'</span> in [D:\xampp\htdocs\salplus\cake\libs\model\datasources\dbo_source.php, line 684]
2013-03-05 15:03:51 Warning: Warning (2): Invalid argument supplied for foreach() in [D:\xampp\htdocs\salplus\app\models\aditivo.php, line 82]
2013-03-05 15:07:55 Warning: Warning (512): <span style="color:Red;text-align:left"><b>SQL Error:</b> 1054: Unknown column 'LIKE' in 'where clause'</span> in [D:\xampp\htdocs\salplus\cake\libs\model\datasources\dbo_source.php, line 684]
2013-03-05 15:07:55 Warning: Warning (2): Invalid argument supplied for foreach() in [D:\xampp\htdocs\salplus\app\models\recurso.php, line 26]
2013-03-05 20:29:18 Warning: Warning (512): <span style="color:Red;text-align:left"><b>SQL Error:</b> 1062: Duplicate entry '1-2' for key 'candidate_key_1'</span> in [D:\xampp\htdocs\salplus\cake\libs\model\datasources\dbo_source.php, line 684]
2013-03-05 23:42:24 Warning: Warning (512): <span style="color:Red;text-align:left"><b>SQL Error:</b> 1048: Column 'contrato_id' cannot be null</span> in [D:\xampp\htdocs\salplus\cake\libs\model\datasources\dbo_source.php, line 684]
2013-03-06 00:04:56 Warning: Warning (2): array_combine() expects parameter 1 to be array, boolean given in [D:\xampp\htdocs\salplus\app\plugins\reportmanager\controllers\reportmanager_controller.php, line 51]
2013-03-06 00:06:26 Warning: Warning (2): array_combine() expects parameter 1 to be array, boolean given in [D:\xampp\htdocs\salplus\app\plugins\reportmanager\controllers\reportmanager_controller.php, line 51]
2013-03-06 00:07:01 Warning: Warning (2): array_combine() expects parameter 1 to be array, boolean given in [D:\xampp\htdocs\salplus\app\plugins\reportmanager\controllers\reportmanager_controller.php, line 51]
2013-03-06 16:33:20 Warning: Warning (2): array_combine() expects parameter 1 to be array, boolean given in [D:\xampp\htdocs\salplus\app\plugins\reportmanager\controllers\reportmanager_controller.php, line 51]
2013-03-06 16:47:46 Warning: Warning (2): array_combine() expects parameter 1 to be array, boolean given in [D:\xampp\htdocs\salplus\app\plugins\reportmanager\controllers\reportmanager_controller.php, line 51]
2013-03-07 12:40:02 Warning: Warning (2): array_combine() expects parameter 1 to be array, boolean given in [D:\xampp\htdocs\salplus\app\plugins\report_manager\controllers\reports_controller.php, line 51]
2013-03-07 12:41:08 Warning: Warning (2): array_combine() expects parameter 1 to be array, boolean given in [D:\xampp\htdocs\salplus\app\plugins\report_manager\controllers\reports_controller.php, line 51]
2013-03-07 12:41:44 Warning: Warning (2): array_combine() expects parameter 1 to be array, boolean given in [D:\xampp\htdocs\salplus\app\plugins\report_manager\controllers\reports_controller.php, line 51]
2013-03-07 12:42:01 Warning: Warning (2): array_combine() expects parameter 1 to be array, boolean given in [D:\xampp\htdocs\salplus\app\plugins\report_manager\controllers\reports_controller.php, line 51]
2013-03-07 12:48:05 Warning: Warning (2): array_combine() expects parameter 1 to be array, null given in [D:\xampp\htdocs\salplus\app\plugins\report_manager\controllers\reports_controller.php, line 76]
2013-03-07 12:50:32 Warning: Warning (2): array_combine() expects parameter 1 to be array, null given in [D:\xampp\htdocs\salplus\app\plugins\report_manager\controllers\reports_controller.php, line 76]
2013-03-07 12:50:56 Warning: Warning (2): array_combine() expects parameter 1 to be array, null given in [D:\xampp\htdocs\salplus\app\plugins\report_manager\controllers\reports_controller.php, line 77]
2013-03-07 12:51:29 Warning: Warning (2): array_combine() [<a href='http://php.net/function.array-combine'>function.array-combine</a>]: Both parameters should have at least 1 element in [D:\xampp\htdocs\salplus\app\plugins\report_manager\controllers\reports_controller.php, line 78]
2013-03-07 12:52:10 Warning: Warning (2): array_combine() [<a href='http://php.net/function.array-combine'>function.array-combine</a>]: Both parameters should have at least 1 element in [D:\xampp\htdocs\salplus\app\plugins\report_manager\controllers\reports_controller.php, line 79]
2013-03-07 12:56:24 Warning: Warning (4096): Object of class DboMysql could not be converted to string in [D:\xampp\htdocs\salplus\app\plugins\report_manager\controllers\reports_controller.php, line 77]
2013-03-07 12:56:45 Warning: Warning (2): Missing argument 1 for ConnectionManager::getDataSource(), called in D:\xampp\htdocs\salplus\app\plugins\report_manager\controllers\reports_controller.php on line 76 and defined in [D:\xampp\htdocs\salplus\cake\libs\model\connection_manager.php, line 93]
2013-03-07 12:56:45 Error: Fatal Error (256): ConnectionManager::getDataSource - Non-existent data source  in [D:\xampp\htdocs\salplus\cake\libs\model\connection_manager.php, line 102]
2013-03-07 17:08:29 Warning: Warning (512): Configure::load() - no variable $config found in report_manager_bootstrap.php in [D:\xampp\htdocs\salplus\cake\libs\configure.php, line 274]
2013-03-07 17:10:43 Warning: Warning (512): Configure::load() - no variable $config found in bootstrap.php in [D:\xampp\htdocs\salplus\cake\libs\configure.php, line 274]
2013-03-07 17:11:21 Warning: Warning (512): Configure::load() - no variable $config found in bootstrap.php in [D:\xampp\htdocs\salplus\cake\libs\configure.php, line 274]
2013-03-07 19:31:21 Warning: Warning (2): strtolower() expects parameter 1 to be string, array given in [D:\xampp\htdocs\salplus\cake\libs\inflector.php, line 521]
2013-03-07 19:31:21 Warning: Warning (2): Illegal offset type in isset or empty in [D:\xampp\htdocs\salplus\cake\libs\inflector.php, line 407]
2013-03-07 19:31:21 Warning: Warning (2): preg_match() expects parameter 2 to be string, array given in [D:\xampp\htdocs\salplus\cake\libs\inflector.php, line 424]
2013-03-07 19:31:21 Warning: Warning (2): preg_match() expects parameter 2 to be string, array given in [D:\xampp\htdocs\salplus\cake\libs\inflector.php, line 429]
2013-03-07 19:31:21 Warning: Warning (2): preg_match() expects parameter 2 to be string, array given in [D:\xampp\htdocs\salplus\cake\libs\inflector.php, line 435]
2013-03-10 16:20:05 Warning: Warning (2): strtolower() expects parameter 1 to be string, array given in [D:\xampp\htdocs\salplus\cake\libs\inflector.php, line 521]
2013-03-10 16:20:05 Warning: Warning (2): Illegal offset type in isset or empty in [D:\xampp\htdocs\salplus\cake\libs\inflector.php, line 407]
2013-03-10 16:20:05 Warning: Warning (2): preg_match() expects parameter 2 to be string, array given in [D:\xampp\htdocs\salplus\cake\libs\inflector.php, line 424]
2013-03-10 16:20:05 Warning: Warning (2): preg_match() expects parameter 2 to be string, array given in [D:\xampp\htdocs\salplus\cake\libs\inflector.php, line 429]
2013-03-10 16:20:05 Warning: Warning (2): preg_match() expects parameter 2 to be string, array given in [D:\xampp\htdocs\salplus\cake\libs\inflector.php, line 435]
2013-03-10 17:10:23 Warning: Warning (2): Invalid argument supplied for foreach() in [D:\xampp\htdocs\salplus\app\plugins\report_manager\views\elements\fields_dnd.ctp, line 3]
2013-03-10 17:10:23 Warning: Warning (2): Invalid argument supplied for foreach() in [D:\xampp\htdocs\salplus\app\plugins\report_manager\views\reports\wizard.ctp, line 82]
2013-03-10 17:10:23 Warning: Warning (2): Invalid argument supplied for foreach() in [D:\xampp\htdocs\salplus\app\plugins\report_manager\views\elements\filter.ctp, line 30]
2013-03-10 17:10:23 Warning: Warning (2): Invalid argument supplied for foreach() in [D:\xampp\htdocs\salplus\app\plugins\report_manager\views\reports\wizard.ctp, line 124]
2013-03-10 17:10:23 Warning: Warning (2): Invalid argument supplied for foreach() in [D:\xampp\htdocs\salplus\app\plugins\report_manager\views\elements\order.ctp, line 13]
2013-03-10 17:10:24 Warning: Warning (2): Invalid argument supplied for foreach() in [D:\xampp\htdocs\salplus\app\plugins\report_manager\views\reports\wizard.ctp, line 135]
2013-03-10 17:10:40 Warning: Warning (2): Invalid argument supplied for foreach() in [D:\xampp\htdocs\salplus\app\plugins\report_manager\views\elements\fields_dnd.ctp, line 3]
2013-03-10 17:10:40 Warning: Warning (2): Invalid argument supplied for foreach() in [D:\xampp\htdocs\salplus\app\plugins\report_manager\views\reports\wizard.ctp, line 82]
2013-03-10 17:10:41 Warning: Warning (2): Invalid argument supplied for foreach() in [D:\xampp\htdocs\salplus\app\plugins\report_manager\views\elements\filter.ctp, line 30]
2013-03-10 17:10:41 Warning: Warning (2): Invalid argument supplied for foreach() in [D:\xampp\htdocs\salplus\app\plugins\report_manager\views\reports\wizard.ctp, line 124]
2013-03-10 17:10:41 Warning: Warning (2): Invalid argument supplied for foreach() in [D:\xampp\htdocs\salplus\app\plugins\report_manager\views\elements\order.ctp, line 13]
2013-03-10 17:10:41 Warning: Warning (2): Invalid argument supplied for foreach() in [D:\xampp\htdocs\salplus\app\plugins\report_manager\views\reports\wizard.ctp, line 135]
2013-03-10 17:12:21 Warning: Warning (2): Invalid argument supplied for foreach() in [D:\xampp\htdocs\salplus\app\plugins\report_manager\views\elements\fields_dnd.ctp, line 3]
2013-03-10 17:12:21 Warning: Warning (2): Invalid argument supplied for foreach() in [D:\xampp\htdocs\salplus\app\plugins\report_manager\views\reports\wizard.ctp, line 82]
2013-03-10 17:12:21 Warning: Warning (2): Invalid argument supplied for foreach() in [D:\xampp\htdocs\salplus\app\plugins\report_manager\views\elements\filter.ctp, line 30]
2013-03-10 17:12:22 Warning: Warning (2): Invalid argument supplied for foreach() in [D:\xampp\htdocs\salplus\app\plugins\report_manager\views\reports\wizard.ctp, line 124]
2013-03-10 17:12:22 Warning: Warning (2): Invalid argument supplied for foreach() in [D:\xampp\htdocs\salplus\app\plugins\report_manager\views\elements\order.ctp, line 13]
2013-03-10 17:12:22 Warning: Warning (2): Invalid argument supplied for foreach() in [D:\xampp\htdocs\salplus\app\plugins\report_manager\views\reports\wizard.ctp, line 135]
2013-03-10 17:16:27 Warning: Warning (2): Invalid argument supplied for foreach() in [D:\xampp\htdocs\salplus\app\plugins\report_manager\views\elements\fields_dnd.ctp, line 3]
2013-03-10 17:16:27 Warning: Warning (2): Invalid argument supplied for foreach() in [D:\xampp\htdocs\salplus\app\plugins\report_manager\views\reports\wizard.ctp, line 82]
2013-03-10 17:16:27 Warning: Warning (2): Invalid argument supplied for foreach() in [D:\xampp\htdocs\salplus\app\plugins\report_manager\views\elements\filter.ctp, line 30]
2013-03-10 17:16:27 Warning: Warning (2): Invalid argument supplied for foreach() in [D:\xampp\htdocs\salplus\app\plugins\report_manager\views\reports\wizard.ctp, line 124]
2013-03-10 17:16:28 Warning: Warning (2): Invalid argument supplied for foreach() in [D:\xampp\htdocs\salplus\app\plugins\report_manager\views\elements\order.ctp, line 13]
2013-03-10 17:16:28 Warning: Warning (2): Invalid argument supplied for foreach() in [D:\xampp\htdocs\salplus\app\plugins\report_manager\views\reports\wizard.ctp, line 135]
2013-03-10 17:18:23 Warning: Warning (2): Invalid argument supplied for foreach() in [D:\xampp\htdocs\salplus\app\plugins\report_manager\views\elements\fields_dnd.ctp, line 3]
2013-03-10 17:18:23 Warning: Warning (2): Invalid argument supplied for foreach() in [D:\xampp\htdocs\salplus\app\plugins\report_manager\views\reports\wizard.ctp, line 82]
2013-03-10 17:18:23 Warning: Warning (2): Invalid argument supplied for foreach() in [D:\xampp\htdocs\salplus\app\plugins\report_manager\views\elements\filter.ctp, line 30]
2013-03-10 17:18:23 Warning: Warning (2): Invalid argument supplied for foreach() in [D:\xampp\htdocs\salplus\app\plugins\report_manager\views\reports\wizard.ctp, line 124]
2013-03-10 17:18:23 Warning: Warning (2): Invalid argument supplied for foreach() in [D:\xampp\htdocs\salplus\app\plugins\report_manager\views\elements\order.ctp, line 13]
2013-03-10 17:18:23 Warning: Warning (2): Invalid argument supplied for foreach() in [D:\xampp\htdocs\salplus\app\plugins\report_manager\views\reports\wizard.ctp, line 135]
2013-03-10 17:18:51 Warning: Warning (2): Invalid argument supplied for foreach() in [D:\xampp\htdocs\salplus\app\plugins\report_manager\views\elements\fields_dnd.ctp, line 3]
2013-03-10 17:18:51 Warning: Warning (2): Invalid argument supplied for foreach() in [D:\xampp\htdocs\salplus\app\plugins\report_manager\views\reports\wizard.ctp, line 82]
2013-03-10 17:18:52 Warning: Warning (2): Invalid argument supplied for foreach() in [D:\xampp\htdocs\salplus\app\plugins\report_manager\views\elements\filter.ctp, line 30]
2013-03-10 17:18:52 Warning: Warning (2): Invalid argument supplied for foreach() in [D:\xampp\htdocs\salplus\app\plugins\report_manager\views\reports\wizard.ctp, line 124]
2013-03-10 17:18:52 Warning: Warning (2): Invalid argument supplied for foreach() in [D:\xampp\htdocs\salplus\app\plugins\report_manager\views\elements\order.ctp, line 13]
2013-03-10 17:18:52 Warning: Warning (2): Invalid argument supplied for foreach() in [D:\xampp\htdocs\salplus\app\plugins\report_manager\views\reports\wizard.ctp, line 135]
2013-03-10 17:26:41 Warning: Warning (2): Invalid argument supplied for foreach() in [D:\xampp\htdocs\salplus\app\plugins\report_manager\views\elements\fields_dnd.ctp, line 3]
2013-03-10 17:26:41 Warning: Warning (2): Invalid argument supplied for foreach() in [D:\xampp\htdocs\salplus\app\plugins\report_manager\views\reports\wizard.ctp, line 82]
2013-03-10 17:26:42 Warning: Warning (2): Invalid argument supplied for foreach() in [D:\xampp\htdocs\salplus\app\plugins\report_manager\views\elements\filter.ctp, line 30]
2013-03-10 17:26:42 Warning: Warning (2): Invalid argument supplied for foreach() in [D:\xampp\htdocs\salplus\app\plugins\report_manager\views\reports\wizard.ctp, line 124]
2013-03-10 17:26:42 Warning: Warning (2): Invalid argument supplied for foreach() in [D:\xampp\htdocs\salplus\app\plugins\report_manager\views\elements\order.ctp, line 13]
2013-03-10 17:26:42 Warning: Warning (2): Invalid argument supplied for foreach() in [D:\xampp\htdocs\salplus\app\plugins\report_manager\views\reports\wizard.ctp, line 135]
2013-03-10 17:41:40 Warning: Warning (2): Invalid argument supplied for foreach() in [D:\xampp\htdocs\salplus\app\plugins\report_manager\views\elements\fields_dnd.ctp, line 3]
2013-03-10 17:41:40 Warning: Warning (2): Invalid argument supplied for foreach() in [D:\xampp\htdocs\salplus\app\plugins\report_manager\views\reports\wizard.ctp, line 82]
2013-03-10 17:41:40 Warning: Warning (2): Invalid argument supplied for foreach() in [D:\xampp\htdocs\salplus\app\plugins\report_manager\views\elements\filter.ctp, line 30]
2013-03-10 17:41:40 Warning: Warning (2): Invalid argument supplied for foreach() in [D:\xampp\htdocs\salplus\app\plugins\report_manager\views\reports\wizard.ctp, line 124]
2013-03-10 17:41:40 Warning: Warning (2): Invalid argument supplied for foreach() in [D:\xampp\htdocs\salplus\app\plugins\report_manager\views\elements\order.ctp, line 13]
2013-03-10 17:41:41 Warning: Warning (2): Invalid argument supplied for foreach() in [D:\xampp\htdocs\salplus\app\plugins\report_manager\views\reports\wizard.ctp, line 135]
2013-03-11 17:23:40 Warning: Warning (2): array_combine() [<a href='http://php.net/function.array-combine'>function.array-combine</a>]: Both parameters should have at least 1 element in [D:\xampp\htdocs\salplus\app\plugins\report_manager\controllers\reports_controller.php, line 91]
2013-03-11 17:25:37 Warning: Warning (2): array_combine() [<a href='http://php.net/function.array-combine'>function.array-combine</a>]: Both parameters should have at least 1 element in [D:\xampp\htdocs\salplus\app\plugins\report_manager\controllers\reports_controller.php, line 91]
2013-03-11 17:27:16 Warning: Warning (2): Invalid argument supplied for foreach() in [D:\xampp\htdocs\salplus\app\plugins\report_manager\views\elements\fields_dnd.ctp, line 3]
2013-03-11 17:27:16 Warning: Warning (2): Invalid argument supplied for foreach() in [D:\xampp\htdocs\salplus\app\plugins\report_manager\views\reports\wizard.ctp, line 82]
2013-03-11 17:27:16 Warning: Warning (2): Invalid argument supplied for foreach() in [D:\xampp\htdocs\salplus\app\plugins\report_manager\views\elements\filter.ctp, line 30]
2013-03-11 17:27:16 Warning: Warning (2): Invalid argument supplied for foreach() in [D:\xampp\htdocs\salplus\app\plugins\report_manager\views\reports\wizard.ctp, line 124]
2013-03-11 17:27:17 Warning: Warning (2): Invalid argument supplied for foreach() in [D:\xampp\htdocs\salplus\app\plugins\report_manager\views\elements\order.ctp, line 13]
2013-03-11 17:27:17 Warning: Warning (2): Invalid argument supplied for foreach() in [D:\xampp\htdocs\salplus\app\plugins\report_manager\views\reports\wizard.ctp, line 135]
2013-03-11 17:32:24 Warning: Warning (2): Invalid argument supplied for foreach() in [D:\xampp\htdocs\salplus\app\plugins\report_manager\views\elements\fields_dnd.ctp, line 3]
2013-03-11 17:32:24 Warning: Warning (2): Invalid argument supplied for foreach() in [D:\xampp\htdocs\salplus\app\plugins\report_manager\views\reports\wizard.ctp, line 82]
2013-03-11 17:32:24 Warning: Warning (2): Invalid argument supplied for foreach() in [D:\xampp\htdocs\salplus\app\plugins\report_manager\views\elements\filter.ctp, line 30]
2013-03-11 17:32:24 Warning: Warning (2): Invalid argument supplied for foreach() in [D:\xampp\htdocs\salplus\app\plugins\report_manager\views\reports\wizard.ctp, line 124]
2013-03-11 17:32:25 Warning: Warning (2): Invalid argument supplied for foreach() in [D:\xampp\htdocs\salplus\app\plugins\report_manager\views\elements\order.ctp, line 13]
2013-03-11 17:32:25 Warning: Warning (2): Invalid argument supplied for foreach() in [D:\xampp\htdocs\salplus\app\plugins\report_manager\views\reports\wizard.ctp, line 135]
2013-03-11 17:33:54 Warning: Warning (2): Invalid argument supplied for foreach() in [D:\xampp\htdocs\salplus\app\plugins\report_manager\views\elements\fields_dnd.ctp, line 3]
2013-03-11 17:33:54 Warning: Warning (2): Invalid argument supplied for foreach() in [D:\xampp\htdocs\salplus\app\plugins\report_manager\views\reports\wizard.ctp, line 82]
2013-03-11 17:33:54 Warning: Warning (2): Invalid argument supplied for foreach() in [D:\xampp\htdocs\salplus\app\plugins\report_manager\views\elements\filter.ctp, line 30]
2013-03-11 17:33:54 Warning: Warning (2): Invalid argument supplied for foreach() in [D:\xampp\htdocs\salplus\app\plugins\report_manager\views\reports\wizard.ctp, line 124]
2013-03-11 17:33:54 Warning: Warning (2): Invalid argument supplied for foreach() in [D:\xampp\htdocs\salplus\app\plugins\report_manager\views\elements\order.ctp, line 13]
2013-03-11 17:33:54 Warning: Warning (2): Invalid argument supplied for foreach() in [D:\xampp\htdocs\salplus\app\plugins\report_manager\views\reports\wizard.ctp, line 135]
2013-03-11 17:37:28 Warning: Warning (2): Invalid argument supplied for foreach() in [D:\xampp\htdocs\salplus\app\plugins\report_manager\views\elements\fields_dnd.ctp, line 3]
2013-03-11 17:37:28 Warning: Warning (2): Invalid argument supplied for foreach() in [D:\xampp\htdocs\salplus\app\plugins\report_manager\views\reports\wizard.ctp, line 82]
2013-03-11 17:37:28 Warning: Warning (2): Invalid argument supplied for foreach() in [D:\xampp\htdocs\salplus\app\plugins\report_manager\views\elements\filter.ctp, line 30]
2013-03-11 17:37:28 Warning: Warning (2): Invalid argument supplied for foreach() in [D:\xampp\htdocs\salplus\app\plugins\report_manager\views\reports\wizard.ctp, line 124]
2013-03-11 17:37:28 Warning: Warning (2): Invalid argument supplied for foreach() in [D:\xampp\htdocs\salplus\app\plugins\report_manager\views\elements\order.ctp, line 13]
2013-03-11 17:37:28 Warning: Warning (2): Invalid argument supplied for foreach() in [D:\xampp\htdocs\salplus\app\plugins\report_manager\views\reports\wizard.ctp, line 135]
2013-03-11 17:42:28 Warning: Warning (2): Invalid argument supplied for foreach() in [D:\xampp\htdocs\salplus\app\plugins\report_manager\views\elements\fields_dnd.ctp, line 3]
2013-03-11 17:42:28 Warning: Warning (2): Invalid argument supplied for foreach() in [D:\xampp\htdocs\salplus\app\plugins\report_manager\views\reports\wizard.ctp, line 82]
2013-03-11 17:42:28 Warning: Warning (2): Invalid argument supplied for foreach() in [D:\xampp\htdocs\salplus\app\plugins\report_manager\views\elements\filter.ctp, line 30]
2013-03-11 17:42:28 Warning: Warning (2): Invalid argument supplied for foreach() in [D:\xampp\htdocs\salplus\app\plugins\report_manager\views\reports\wizard.ctp, line 124]
2013-03-11 17:42:28 Warning: Warning (2): Invalid argument supplied for foreach() in [D:\xampp\htdocs\salplus\app\plugins\report_manager\views\elements\order.ctp, line 13]
2013-03-11 17:42:28 Warning: Warning (2): Invalid argument supplied for foreach() in [D:\xampp\htdocs\salplus\app\plugins\report_manager\views\reports\wizard.ctp, line 135]
2013-03-11 17:44:38 Warning: Warning (2): Invalid argument supplied for foreach() in [D:\xampp\htdocs\salplus\app\plugins\report_manager\views\elements\fields_dnd.ctp, line 3]
2013-03-11 17:44:38 Warning: Warning (2): Invalid argument supplied for foreach() in [D:\xampp\htdocs\salplus\app\plugins\report_manager\views\reports\wizard.ctp, line 82]
2013-03-11 17:44:38 Warning: Warning (2): Invalid argument supplied for foreach() in [D:\xampp\htdocs\salplus\app\plugins\report_manager\views\elements\filter.ctp, line 30]
2013-03-11 17:44:39 Warning: Warning (2): Invalid argument supplied for foreach() in [D:\xampp\htdocs\salplus\app\plugins\report_manager\views\reports\wizard.ctp, line 124]
2013-03-11 17:44:39 Warning: Warning (2): Invalid argument supplied for foreach() in [D:\xampp\htdocs\salplus\app\plugins\report_manager\views\elements\order.ctp, line 13]
2013-03-11 17:44:39 Warning: Warning (2): Invalid argument supplied for foreach() in [D:\xampp\htdocs\salplus\app\plugins\report_manager\views\reports\wizard.ctp, line 135]
2013-03-11 17:59:24 Warning: Warning (2): array_combine() [<a href='http://php.net/function.array-combine'>function.array-combine</a>]: Both parameters should have at least 1 element in [D:\xampp\htdocs\salplus\app\plugins\report_manager\controllers\reports_controller.php, line 91]
2013-03-15 19:00:59 Warning: Warning (2): array_combine() [<a href='http://php.net/function.array-combine'>function.array-combine</a>]: Both parameters should have at least 1 element in [D:\xampp\htdocs\salplus\app\plugins\report_manager\controllers\reports_controller.php, line 89]
2013-03-21 19:32:05 Warning: Warning (2): array_combine() [<a href='http://php.net/function.array-combine'>function.array-combine</a>]: Both parameters should have at least 1 element in [D:\xampp\htdocs\salplus\app\plugins\report_manager\controllers\reports_controller.php, line 89]
2013-03-21 19:32:34 Warning: Warning (2): array_combine() [<a href='http://php.net/function.array-combine'>function.array-combine</a>]: Both parameters should have at least 1 element in [D:\xampp\htdocs\salplus\app\plugins\report_manager\controllers\reports_controller.php, line 89]
2013-03-25 15:30:34 Warning: Warning (2): array_combine() [<a href='http://php.net/function.array-combine'>function.array-combine</a>]: Both parameters should have at least 1 element in [D:\xampp\htdocs\salplus\app\plugins\report_manager\controllers\reports_controller.php, line 89]
2013-03-25 15:37:15 Warning: Warning (2): Cannot modify header information - headers already sent by (output started at D:\xampp\htdocs\salplus\cake\libs\debugger.php:686) in [D:\xampp\htdocs\salplus\app\plugins\report_manager\vendor\excel.php, line 31]
2013-03-25 15:37:15 Warning: Warning (2): Cannot modify header information - headers already sent by (output started at D:\xampp\htdocs\salplus\cake\libs\debugger.php:686) in [D:\xampp\htdocs\salplus\app\plugins\report_manager\vendor\excel.php, line 32]
2013-03-25 15:37:15 Warning: Warning (2): Cannot modify header information - headers already sent by (output started at D:\xampp\htdocs\salplus\cake\libs\debugger.php:686) in [D:\xampp\htdocs\salplus\app\plugins\report_manager\vendor\excel.php, line 33]
2013-03-25 15:37:15 Warning: Warning (2): Cannot modify header information - headers already sent by (output started at D:\xampp\htdocs\salplus\cake\libs\debugger.php:686) in [D:\xampp\htdocs\salplus\app\plugins\report_manager\vendor\excel.php, line 34]
2013-03-25 15:37:15 Warning: Warning (2): Cannot modify header information - headers already sent by (output started at D:\xampp\htdocs\salplus\cake\libs\debugger.php:686) in [D:\xampp\htdocs\salplus\app\plugins\report_manager\vendor\excel.php, line 35]
2013-03-25 15:37:15 Warning: Warning (2): Cannot modify header information - headers already sent by (output started at D:\xampp\htdocs\salplus\cake\libs\debugger.php:686) in [D:\xampp\htdocs\salplus\app\plugins\report_manager\vendor\excel.php, line 36]
2013-03-25 15:37:15 Warning: Warning (2): Cannot modify header information - headers already sent by (output started at D:\xampp\htdocs\salplus\cake\libs\debugger.php:686) in [D:\xampp\htdocs\salplus\app\plugins\report_manager\vendor\excel.php, line 37]
2013-03-25 15:37:15 Warning: Warning (2): Cannot modify header information - headers already sent by (output started at D:\xampp\htdocs\salplus\cake\libs\debugger.php:686) in [D:\xampp\htdocs\salplus\app\plugins\report_manager\vendor\excel.php, line 38]
2013-03-25 15:37:15 Warning: Warning (2): Cannot modify header information - headers already sent by (output started at D:\xampp\htdocs\salplus\cake\libs\debugger.php:686) in [D:\xampp\htdocs\salplus\app\plugins\report_manager\vendor\excel.php, line 39]
2013-03-25 15:37:15 Warning: Warning (2): Invalid argument supplied for foreach() in [D:\xampp\htdocs\salplus\app\plugins\report_manager\views\elements\fields_dnd.ctp, line 3]
2013-03-25 15:37:15 Warning: Warning (2): Invalid argument supplied for foreach() in [D:\xampp\htdocs\salplus\app\plugins\report_manager\views\reports\wizard.ctp, line 82]
2013-03-25 15:37:15 Warning: Warning (2): Invalid argument supplied for foreach() in [D:\xampp\htdocs\salplus\app\plugins\report_manager\views\elements\filter.ctp, line 30]
2013-03-25 15:37:15 Warning: Warning (2): Invalid argument supplied for foreach() in [D:\xampp\htdocs\salplus\app\plugins\report_manager\views\reports\wizard.ctp, line 124]
2013-03-25 15:37:16 Warning: Warning (2): Invalid argument supplied for foreach() in [D:\xampp\htdocs\salplus\app\plugins\report_manager\views\elements\order.ctp, line 13]
2013-03-25 15:37:16 Warning: Warning (2): Invalid argument supplied for foreach() in [D:\xampp\htdocs\salplus\app\plugins\report_manager\views\reports\wizard.ctp, line 135]
2013-03-25 15:37:35 Warning: Warning (2): Cannot modify header information - headers already sent by (output started at D:\xampp\htdocs\salplus\cake\libs\debugger.php:686) in [D:\xampp\htdocs\salplus\app\plugins\report_manager\vendor\excel.php, line 31]
2013-03-25 15:37:35 Warning: Warning (2): Cannot modify header information - headers already sent by (output started at D:\xampp\htdocs\salplus\cake\libs\debugger.php:686) in [D:\xampp\htdocs\salplus\app\plugins\report_manager\vendor\excel.php, line 32]
2013-03-25 15:37:35 Warning: Warning (2): Cannot modify header information - headers already sent by (output started at D:\xampp\htdocs\salplus\cake\libs\debugger.php:686) in [D:\xampp\htdocs\salplus\app\plugins\report_manager\vendor\excel.php, line 33]
2013-03-25 15:37:35 Warning: Warning (2): Cannot modify header information - headers already sent by (output started at D:\xampp\htdocs\salplus\cake\libs\debugger.php:686) in [D:\xampp\htdocs\salplus\app\plugins\report_manager\vendor\excel.php, line 34]
2013-03-25 15:37:35 Warning: Warning (2): Cannot modify header information - headers already sent by (output started at D:\xampp\htdocs\salplus\cake\libs\debugger.php:686) in [D:\xampp\htdocs\salplus\app\plugins\report_manager\vendor\excel.php, line 35]
2013-03-25 15:37:35 Warning: Warning (2): Cannot modify header information - headers already sent by (output started at D:\xampp\htdocs\salplus\cake\libs\debugger.php:686) in [D:\xampp\htdocs\salplus\app\plugins\report_manager\vendor\excel.php, line 36]
2013-03-25 15:37:35 Warning: Warning (2): Cannot modify header information - headers already sent by (output started at D:\xampp\htdocs\salplus\cake\libs\debugger.php:686) in [D:\xampp\htdocs\salplus\app\plugins\report_manager\vendor\excel.php, line 37]
2013-03-25 15:37:35 Warning: Warning (2): Cannot modify header information - headers already sent by (output started at D:\xampp\htdocs\salplus\cake\libs\debugger.php:686) in [D:\xampp\htdocs\salplus\app\plugins\report_manager\vendor\excel.php, line 38]
2013-03-25 15:37:35 Warning: Warning (2): Cannot modify header information - headers already sent by (output started at D:\xampp\htdocs\salplus\cake\libs\debugger.php:686) in [D:\xampp\htdocs\salplus\app\plugins\report_manager\vendor\excel.php, line 39]
2013-03-25 15:37:36 Warning: Warning (2): Invalid argument supplied for foreach() in [D:\xampp\htdocs\salplus\app\plugins\report_manager\views\elements\fields_dnd.ctp, line 3]
2013-03-25 15:37:36 Warning: Warning (2): Invalid argument supplied for foreach() in [D:\xampp\htdocs\salplus\app\plugins\report_manager\views\reports\wizard.ctp, line 82]
2013-03-25 15:37:36 Warning: Warning (2): Invalid argument supplied for foreach() in [D:\xampp\htdocs\salplus\app\plugins\report_manager\views\elements\filter.ctp, line 30]
2013-03-25 15:37:36 Warning: Warning (2): Invalid argument supplied for foreach() in [D:\xampp\htdocs\salplus\app\plugins\report_manager\views\reports\wizard.ctp, line 124]
2013-03-25 15:37:36 Warning: Warning (2): Invalid argument supplied for foreach() in [D:\xampp\htdocs\salplus\app\plugins\report_manager\views\elements\order.ctp, line 13]
2013-03-25 15:37:36 Warning: Warning (2): Invalid argument supplied for foreach() in [D:\xampp\htdocs\salplus\app\plugins\report_manager\views\reports\wizard.ctp, line 135]
2013-03-25 15:37:52 Warning: Warning (2): array_combine() [<a href='http://php.net/function.array-combine'>function.array-combine</a>]: Both parameters should have at least 1 element in [D:\xampp\htdocs\salplus\app\plugins\report_manager\controllers\reports_controller.php, line 89]
2013-03-25 15:38:03 Warning: Warning (2): Cannot modify header information - headers already sent by (output started at D:\xampp\htdocs\salplus\cake\libs\debugger.php:686) in [D:\xampp\htdocs\salplus\app\plugins\report_manager\vendor\excel.php, line 31]
2013-03-25 15:38:03 Warning: Warning (2): Cannot modify header information - headers already sent by (output started at D:\xampp\htdocs\salplus\cake\libs\debugger.php:686) in [D:\xampp\htdocs\salplus\app\plugins\report_manager\vendor\excel.php, line 32]
2013-03-25 15:38:03 Warning: Warning (2): Cannot modify header information - headers already sent by (output started at D:\xampp\htdocs\salplus\cake\libs\debugger.php:686) in [D:\xampp\htdocs\salplus\app\plugins\report_manager\vendor\excel.php, line 33]
2013-03-25 15:38:03 Warning: Warning (2): Cannot modify header information - headers already sent by (output started at D:\xampp\htdocs\salplus\cake\libs\debugger.php:686) in [D:\xampp\htdocs\salplus\app\plugins\report_manager\vendor\excel.php, line 34]
2013-03-25 15:38:03 Warning: Warning (2): Cannot modify header information - headers already sent by (output started at D:\xampp\htdocs\salplus\cake\libs\debugger.php:686) in [D:\xampp\htdocs\salplus\app\plugins\report_manager\vendor\excel.php, line 35]
2013-03-25 15:38:03 Warning: Warning (2): Cannot modify header information - headers already sent by (output started at D:\xampp\htdocs\salplus\cake\libs\debugger.php:686) in [D:\xampp\htdocs\salplus\app\plugins\report_manager\vendor\excel.php, line 36]
2013-03-25 15:38:03 Warning: Warning (2): Cannot modify header information - headers already sent by (output started at D:\xampp\htdocs\salplus\cake\libs\debugger.php:686) in [D:\xampp\htdocs\salplus\app\plugins\report_manager\vendor\excel.php, line 37]
2013-03-25 15:38:03 Warning: Warning (2): Cannot modify header information - headers already sent by (output started at D:\xampp\htdocs\salplus\cake\libs\debugger.php:686) in [D:\xampp\htdocs\salplus\app\plugins\report_manager\vendor\excel.php, line 38]
2013-03-25 15:38:03 Warning: Warning (2): Cannot modify header information - headers already sent by (output started at D:\xampp\htdocs\salplus\cake\libs\debugger.php:686) in [D:\xampp\htdocs\salplus\app\plugins\report_manager\vendor\excel.php, line 39]
2013-03-25 15:38:03 Warning: Warning (2): Invalid argument supplied for foreach() in [D:\xampp\htdocs\salplus\app\plugins\report_manager\views\elements\fields_dnd.ctp, line 3]
2013-03-25 15:38:03 Warning: Warning (2): Invalid argument supplied for foreach() in [D:\xampp\htdocs\salplus\app\plugins\report_manager\views\reports\wizard.ctp, line 82]
2013-03-25 15:38:03 Warning: Warning (2): Invalid argument supplied for foreach() in [D:\xampp\htdocs\salplus\app\plugins\report_manager\views\elements\filter.ctp, line 30]
2013-03-25 15:38:03 Warning: Warning (2): Invalid argument supplied for foreach() in [D:\xampp\htdocs\salplus\app\plugins\report_manager\views\reports\wizard.ctp, line 124]
2013-03-25 15:38:04 Warning: Warning (2): Invalid argument supplied for foreach() in [D:\xampp\htdocs\salplus\app\plugins\report_manager\views\elements\order.ctp, line 13]
2013-03-25 15:38:04 Warning: Warning (2): Invalid argument supplied for foreach() in [D:\xampp\htdocs\salplus\app\plugins\report_manager\views\reports\wizard.ctp, line 135]
2013-03-25 16:05:57 Warning: Warning (2): array_combine() [<a href='http://php.net/function.array-combine'>function.array-combine</a>]: Both parameters should have at least 1 element in [D:\xampp\htdocs\salplus\app\plugins\report_manager\controllers\reports_controller.php, line 89]
2013-03-25 19:36:03 Warning: Warning (512): <span style="color:Red;text-align:left"><b>SQL Error:</b> 1054: Unknown column 'Array' in 'field list'</span> in [D:\xampp\htdocs\salplus\cake\libs\model\datasources\dbo_source.php, line 684]
2013-03-26 16:20:25 Warning: Warning (2): Cannot modify header information - headers already sent by (output started at D:\xampp\htdocs\salplus\cake\libs\debugger.php:686) in [D:\xampp\htdocs\salplus\cake\libs\controller\controller.php, line 742]
2013-03-26 16:26:16 Warning: Warning (2): Cannot modify header information - headers already sent by (output started at D:\xampp\htdocs\salplus\cake\libs\debugger.php:686) in [D:\xampp\htdocs\salplus\cake\libs\controller\controller.php, line 742]
2013-03-26 16:26:43 Warning: Warning (2): Cannot modify header information - headers already sent by (output started at D:\xampp\htdocs\salplus\cake\libs\debugger.php:686) in [D:\xampp\htdocs\salplus\cake\libs\controller\controller.php, line 742]
2013-03-27 17:55:15 Warning: Warning (2): array_combine() [<a href='http://php.net/function.array-combine'>function.array-combine</a>]: Both parameters should have at least 1 element in [D:\xampp\htdocs\salplus\app\plugins\report_manager\controllers\reports_controller.php, line 89]
2013-03-27 18:58:41 Warning: Warning (2): array_combine() [<a href='http://php.net/function.array-combine'>function.array-combine</a>]: Both parameters should have at least 1 element in [D:\xampp\htdocs\salplus\app\plugins\report_manager\controllers\reports_controller.php, line 89]
2013-03-28 18:02:41 Warning: Warning (2): array_key_exists() expects parameter 2 to be array, null given in [D:\xampp\htdocs\salplus\app\controllers\aditivos_controller.php, line 45]
2013-03-30 16:43:41 Warning: Warning (2): array_combine() [<a href='http://php.net/function.array-combine'>function.array-combine</a>]: Both parameters should have at least 1 element in [D:\xampp\htdocs\salplus\app\plugins\report_manager\controllers\reports_controller.php, line 89]
2013-03-30 16:53:34 Warning: Warning (2): array_combine() [<a href='http://php.net/function.array-combine'>function.array-combine</a>]: Both parameters should have at least 1 element in [D:\xampp\htdocs\salplus\app\plugins\report_manager\controllers\reports_controller.php, line 89]
2013-03-30 17:19:22 Warning: Warning (2): array_combine() [<a href='http://php.net/function.array-combine'>function.array-combine</a>]: Both parameters should have at least 1 element in [D:\xampp\htdocs\salplus\app\plugins\report_manager\controllers\reports_controller.php, line 89]
2013-03-30 18:11:52 Warning: Warning (2): array_combine() [<a href='http://php.net/function.array-combine'>function.array-combine</a>]: Both parameters should have at least 1 element in [D:\xampp\htdocs\salplus\app\plugins\report_manager\controllers\reports_controller.php, line 89]
2013-03-30 19:15:02 Warning: Warning (2): array_merge() [<a href='http://php.net/function.array-merge'>function.array-merge</a>]: Argument #2 is not an array in [D:\xampp\htdocs\salplus\cake\libs\view\helpers\html.php, line 414]
2013-03-30 19:15:03 Warning: Warning (2): array_merge() [<a href='http://php.net/function.array-merge'>function.array-merge</a>]: Argument #2 is not an array in [D:\xampp\htdocs\salplus\cake\libs\view\helpers\html.php, line 414]
2013-04-04 18:54:27 Warning: Warning (2): array_combine() [<a href='http://php.net/function.array-combine'>function.array-combine</a>]: Both parameters should have at least 1 element in [D:\xampp\htdocs\salplus\app\plugins\report_manager\controllers\reports_controller.php, line 89]
2013-04-04 19:20:35 Warning: Warning (2): array_combine() [<a href='http://php.net/function.array-combine'>function.array-combine</a>]: Both parameters should have at least 1 element in [D:\xampp\htdocs\salplus\app\plugins\report_manager\controllers\reports_controller.php, line 89]
2013-04-05 17:52:04 Warning: Warning (2): preg_match() [<a href='http://php.net/function.preg-match'>function.preg-match</a>]: Delimiter must not be alphanumeric or backslash in [D:\xampp\htdocs\salplus\cake\libs\model\model.php, line 2631]
2013-04-05 17:54:10 Warning: Warning (2): preg_match() [<a href='http://php.net/function.preg-match'>function.preg-match</a>]: Delimiter must not be alphanumeric or backslash in [D:\xampp\htdocs\salplus\cake\libs\model\model.php, line 2631]
2013-04-11 22:04:38 Warning: Warning (512): <span style="color:Red;text-align:left"><b>SQL Error:</b> 1048: Column 'valor_pago' cannot be null</span> in [D:\xampp\htdocs\salplus\cake\libs\model\datasources\dbo_source.php, line 684]
2013-04-11 22:05:15 Warning: Warning (512): <span style="color:Red;text-align:left"><b>SQL Error:</b> 1048: Column 'valor_pago' cannot be null</span> in [D:\xampp\htdocs\salplus\cake\libs\model\datasources\dbo_source.php, line 684]
2013-04-12 17:28:49 Warning: Warning (2): array_merge() [<a href='http://php.net/function.array-merge'>function.array-merge</a>]: Argument #2 is not an array in [D:\xampp\htdocs\salplus\app\views\recebimentos\form.ctp, line 28]
2013-04-12 17:30:20 Warning: Warning (2): array_merge() [<a href='http://php.net/function.array-merge'>function.array-merge</a>]: Argument #2 is not an array in [D:\xampp\htdocs\salplus\app\views\recebimentos\form.ctp, line 28]
2013-04-19 17:14:06 Warning: Warning (2): array_combine() [<a href='http://php.net/function.array-combine'>function.array-combine</a>]: Both parameters should have at least 1 element in [D:\xampp\htdocs\salplus\app\plugins\report_manager\controllers\reports_controller.php, line 89]
2013-05-06 17:26:49 Warning: Warning (512): <span style="color:Red;text-align:left"><b>SQL Error:</b> 1064: You have an error in your SQL syntax; check the manual that corresponds to your MySQL server version for the right syntax to use near 'validateSearch' at line 1</span> in [D:\xampp\htdocs\salplus\cake\libs\model\datasources\dbo_source.php, line 684]
2013-05-06 17:26:49 Warning: Warning (512): <span style="color:Red;text-align:left"><b>SQL Error:</b> 1064: You have an error in your SQL syntax; check the manual that corresponds to your MySQL server version for the right syntax to use near 'parseCriteria' at line 1</span> in [D:\xampp\htdocs\salplus\cake\libs\model\datasources\dbo_source.php, line 684]
2013-05-06 17:45:55 Warning: Warning (512): <span style="color:Red;text-align:left"><b>SQL Error:</b> 1451: Cannot delete or update a parent row: a foreign key constraint fails (`sal`.`licitacoes`, CONSTRAINT `licitacoes_ibfk_1` FOREIGN KEY (`modalidade_id`) REFERENCES `modalidades` (`id`))</span> in [D:\xampp\htdocs\salplus\cake\libs\model\datasources\dbo_source.php, line 684]
2013-05-06 17:49:08 Warning: Warning (512): <span style="color:Red;text-align:left"><b>SQL Error:</b> 1451: Cannot delete or update a parent row: a foreign key constraint fails (`sal`.`licitacoes`, CONSTRAINT `licitacoes_ibfk_2` FOREIGN KEY (`tipolicitacao_id`) REFERENCES `tipolicitacoes` (`id`))</span> in [D:\xampp\htdocs\salplus\cake\libs\model\datasources\dbo_source.php, line 684]
2013-05-06 18:41:28 Warning: Warning (2): array_key_exists() expects parameter 2 to be array, null given in [D:\xampp\htdocs\salplus\app\controllers\contratos_controller.php, line 58]
2013-05-06 22:06:05 Warning: Warning (512): <span style="color:Red;text-align:left"><b>SQL Error:</b> 1451: Cannot delete or update a parent row: a foreign key constraint fails (`sal`.`recursos`, CONSTRAINT `recursos_ibfk_1` FOREIGN KEY (`pessoa_id`) REFERENCES `pessoas` (`id`))</span> in [D:\xampp\htdocs\salplus\cake\libs\model\datasources\dbo_source.php, line 684]
2013-05-08 16:26:41 Warning: Warning (512): <span style="color:Red;text-align:left"><b>SQL Error:</b> 1062: Duplicate entry '3-3' for key 'candidate_key_1'</span> in [D:\xampp\htdocs\salplus\cake\libs\model\datasources\dbo_source.php, line 684]
2013-05-08 16:38:57 Warning: Warning (512): <span style="color:Red;text-align:left"><b>SQL Error:</b> 1451: Cannot delete or update a parent row: a foreign key constraint fails (`sal`.`recursos`, CONSTRAINT `recursos_ibfk_1` FOREIGN KEY (`pessoa_id`) REFERENCES `pessoas` (`id`))</span> in [D:\xampp\htdocs\salplus\cake\libs\model\datasources\dbo_source.php, line 684]
2013-05-08 16:56:39 Warning: Warning (512): <span style="color:Red;text-align:left"><b>SQL Error:</b> 1451: Cannot delete or update a parent row: a foreign key constraint fails (`sal`.`recursos`, CONSTRAINT `recursos_ibfk_1` FOREIGN KEY (`pessoa_id`) REFERENCES `pessoas` (`id`))</span> in [D:\xampp\htdocs\salplus\cake\libs\model\datasources\dbo_source.php, line 684]
2013-05-08 17:48:29 Warning: Warning (512): <span style="color:Red;text-align:left"><b>SQL Error:</b> 1451: Cannot delete or update a parent row: a foreign key constraint fails (`sal`.`contratos`, CONSTRAINT `contratos_ibfk_4` FOREIGN KEY (`licitacao_id`) REFERENCES `licitacoes` (`id`))</span> in [D:\xampp\htdocs\salplus\cake\libs\model\datasources\dbo_source.php, line 684]
2013-05-08 18:07:34 Warning: Warning (512): <span style="color:Red;text-align:left"><b>SQL Error:</b> 1451: Cannot delete or update a parent row: a foreign key constraint fails (`sal`.`resultados`, CONSTRAINT `resultados_ibfk_2` FOREIGN KEY (`empresa_id`) REFERENCES `empresas` (`id`))</span> in [D:\xampp\htdocs\salplus\cake\libs\model\datasources\dbo_source.php, line 684]
2013-05-08 18:08:00 Warning: Warning (512): <span style="color:Red;text-align:left"><b>SQL Error:</b> 1064: You have an error in your SQL syntax; check the manual that corresponds to your MySQL server version for the right syntax to use near 'validateSearch' at line 1</span> in [D:\xampp\htdocs\salplus\cake\libs\model\datasources\dbo_source.php, line 684]
2013-05-08 18:08:00 Warning: Warning (512): <span style="color:Red;text-align:left"><b>SQL Error:</b> 1064: You have an error in your SQL syntax; check the manual that corresponds to your MySQL server version for the right syntax to use near 'parseCriteria' at line 1</span> in [D:\xampp\htdocs\salplus\cake\libs\model\datasources\dbo_source.php, line 684]
2013-05-08 21:51:20 Warning: Warning (512): <span style="color:Red;text-align:left"><b>SQL Error:</b> 1064: You have an error in your SQL syntax; check the manual that corresponds to your MySQL server version for the right syntax to use near 'validateSearch' at line 1</span> in [D:\xampp\htdocs\salplus\cake\libs\model\datasources\dbo_source.php, line 684]
2013-05-08 21:51:20 Warning: Warning (512): <span style="color:Red;text-align:left"><b>SQL Error:</b> 1064: You have an error in your SQL syntax; check the manual that corresponds to your MySQL server version for the right syntax to use near 'parseCriteria' at line 1</span> in [D:\xampp\htdocs\salplus\cake\libs\model\datasources\dbo_source.php, line 684]
2013-05-09 18:24:29 Warning: Warning (2): Cannot modify header information - headers already sent by (output started at D:\xampp\htdocs\salplus\cake\libs\debugger.php:686) in [D:\xampp\htdocs\salplus\app\plugins\report_manager\vendor\excel.php, line 31]
2013-05-09 18:24:29 Warning: Warning (2): Cannot modify header information - headers already sent by (output started at D:\xampp\htdocs\salplus\cake\libs\debugger.php:686) in [D:\xampp\htdocs\salplus\app\plugins\report_manager\vendor\excel.php, line 32]
2013-05-09 18:24:30 Warning: Warning (2): Cannot modify header information - headers already sent by (output started at D:\xampp\htdocs\salplus\cake\libs\debugger.php:686) in [D:\xampp\htdocs\salplus\app\plugins\report_manager\vendor\excel.php, line 33]
2013-05-09 18:24:30 Warning: Warning (2): Cannot modify header information - headers already sent by (output started at D:\xampp\htdocs\salplus\cake\libs\debugger.php:686) in [D:\xampp\htdocs\salplus\app\plugins\report_manager\vendor\excel.php, line 34]
2013-05-09 18:24:30 Warning: Warning (2): Cannot modify header information - headers already sent by (output started at D:\xampp\htdocs\salplus\cake\libs\debugger.php:686) in [D:\xampp\htdocs\salplus\app\plugins\report_manager\vendor\excel.php, line 35]
2013-05-09 18:24:30 Warning: Warning (2): Cannot modify header information - headers already sent by (output started at D:\xampp\htdocs\salplus\cake\libs\debugger.php:686) in [D:\xampp\htdocs\salplus\app\plugins\report_manager\vendor\excel.php, line 36]
2013-05-09 18:24:30 Warning: Warning (2): Cannot modify header information - headers already sent by (output started at D:\xampp\htdocs\salplus\cake\libs\debugger.php:686) in [D:\xampp\htdocs\salplus\app\plugins\report_manager\vendor\excel.php, line 37]
2013-05-09 18:24:30 Warning: Warning (2): Cannot modify header information - headers already sent by (output started at D:\xampp\htdocs\salplus\cake\libs\debugger.php:686) in [D:\xampp\htdocs\salplus\app\plugins\report_manager\vendor\excel.php, line 38]
2013-05-09 18:24:30 Warning: Warning (2): Cannot modify header information - headers already sent by (output started at D:\xampp\htdocs\salplus\cake\libs\debugger.php:686) in [D:\xampp\htdocs\salplus\app\plugins\report_manager\vendor\excel.php, line 39]
2013-05-09 18:24:30 Warning: Warning (2): Invalid argument supplied for foreach() in [D:\xampp\htdocs\salplus\app\plugins\report_manager\views\elements\fields_dnd.ctp, line 3]
2013-05-09 18:24:30 Warning: Warning (2): Invalid argument supplied for foreach() in [D:\xampp\htdocs\salplus\app\plugins\report_manager\views\reports\wizard.ctp, line 86]
2013-05-09 18:24:30 Warning: Warning (2): Invalid argument supplied for foreach() in [D:\xampp\htdocs\salplus\app\plugins\report_manager\views\elements\filter.ctp, line 30]
2013-05-09 18:24:30 Warning: Warning (2): Invalid argument supplied for foreach() in [D:\xampp\htdocs\salplus\app\plugins\report_manager\views\reports\wizard.ctp, line 128]
2013-05-09 18:24:30 Warning: Warning (2): Invalid argument supplied for foreach() in [D:\xampp\htdocs\salplus\app\plugins\report_manager\views\elements\order.ctp, line 13]
2013-05-09 18:24:30 Warning: Warning (2): Invalid argument supplied for foreach() in [D:\xampp\htdocs\salplus\app\plugins\report_manager\views\reports\wizard.ctp, line 139]
2013-05-09 18:27:10 Warning: Warning (2): Cannot modify header information - headers already sent by (output started at D:\xampp\htdocs\salplus\cake\libs\debugger.php:686) in [D:\xampp\htdocs\salplus\app\plugins\report_manager\vendor\excel.php, line 31]
2013-05-09 18:27:10 Warning: Warning (2): Cannot modify header information - headers already sent by (output started at D:\xampp\htdocs\salplus\cake\libs\debugger.php:686) in [D:\xampp\htdocs\salplus\app\plugins\report_manager\vendor\excel.php, line 32]
2013-05-09 18:27:10 Warning: Warning (2): Cannot modify header information - headers already sent by (output started at D:\xampp\htdocs\salplus\cake\libs\debugger.php:686) in [D:\xampp\htdocs\salplus\app\plugins\report_manager\vendor\excel.php, line 33]
2013-05-09 18:27:10 Warning: Warning (2): Cannot modify header information - headers already sent by (output started at D:\xampp\htdocs\salplus\cake\libs\debugger.php:686) in [D:\xampp\htdocs\salplus\app\plugins\report_manager\vendor\excel.php, line 34]
2013-05-09 18:27:10 Warning: Warning (2): Cannot modify header information - headers already sent by (output started at D:\xampp\htdocs\salplus\cake\libs\debugger.php:686) in [D:\xampp\htdocs\salplus\app\plugins\report_manager\vendor\excel.php, line 35]
2013-05-09 18:27:10 Warning: Warning (2): Cannot modify header information - headers already sent by (output started at D:\xampp\htdocs\salplus\cake\libs\debugger.php:686) in [D:\xampp\htdocs\salplus\app\plugins\report_manager\vendor\excel.php, line 36]
2013-05-09 18:27:10 Warning: Warning (2): Cannot modify header information - headers already sent by (output started at D:\xampp\htdocs\salplus\cake\libs\debugger.php:686) in [D:\xampp\htdocs\salplus\app\plugins\report_manager\vendor\excel.php, line 37]
2013-05-09 18:27:10 Warning: Warning (2): Cannot modify header information - headers already sent by (output started at D:\xampp\htdocs\salplus\cake\libs\debugger.php:686) in [D:\xampp\htdocs\salplus\app\plugins\report_manager\vendor\excel.php, line 38]
2013-05-09 18:27:10 Warning: Warning (2): Cannot modify header information - headers already sent by (output started at D:\xampp\htdocs\salplus\cake\libs\debugger.php:686) in [D:\xampp\htdocs\salplus\app\plugins\report_manager\vendor\excel.php, line 39]
2013-05-09 18:27:10 Warning: Warning (2): Invalid argument supplied for foreach() in [D:\xampp\htdocs\salplus\app\plugins\report_manager\views\elements\fields_dnd.ctp, line 3]
2013-05-09 18:27:10 Warning: Warning (2): Invalid argument supplied for foreach() in [D:\xampp\htdocs\salplus\app\plugins\report_manager\views\reports\wizard.ctp, line 86]
2013-05-09 18:27:10 Warning: Warning (2): Invalid argument supplied for foreach() in [D:\xampp\htdocs\salplus\app\plugins\report_manager\views\elements\filter.ctp, line 30]
2013-05-09 18:27:10 Warning: Warning (2): Invalid argument supplied for foreach() in [D:\xampp\htdocs\salplus\app\plugins\report_manager\views\reports\wizard.ctp, line 128]
2013-05-09 18:27:10 Warning: Warning (2): Invalid argument supplied for foreach() in [D:\xampp\htdocs\salplus\app\plugins\report_manager\views\elements\order.ctp, line 13]
2013-05-09 18:27:10 Warning: Warning (2): Invalid argument supplied for foreach() in [D:\xampp\htdocs\salplus\app\plugins\report_manager\views\reports\wizard.ctp, line 139]
2013-05-13 21:33:57 Warning: Warning (2): array_combine() [<a href='http://php.net/function.array-combine'>function.array-combine</a>]: Both parameters should have at least 1 element in [D:\xampp\htdocs\salplus\app\plugins\report_manager\controllers\reports_controller.php, line 89]
2013-05-20 11:49:03 Warning: Warning (512): <span style="color:Red;text-align:left"><b>SQL Error:</b> 1054: Unknown column 'Contrato.dia_da_semana' in 'field list'</span> in [D:\xampp\htdocs\salplus\cake\libs\model\datasources\dbo_source.php, line 684]
2013-05-20 11:49:03 Warning: Warning (2): Invalid argument supplied for foreach() in [D:\xampp\htdocs\salplus\app\models\recebimento.php, line 100]
2013-05-20 11:49:51 Warning: Warning (512): <span style="color:Red;text-align:left"><b>SQL Error:</b> 1054: Unknown column 'Contrato.dia_da_semana' in 'field list'</span> in [D:\xampp\htdocs\salplus\cake\libs\model\datasources\dbo_source.php, line 684]
2013-05-20 11:49:51 Warning: Warning (2): Invalid argument supplied for foreach() in [D:\xampp\htdocs\salplus\app\models\recebimento.php, line 100]
2013-05-20 11:52:23 Warning: Warning (512): <span style="color:Red;text-align:left"><b>SQL Error:</b> 1054: Unknown column 'Contrato.dias_restantes' in 'order clause'</span> in [D:\xampp\htdocs\salplus\cake\libs\model\datasources\dbo_source.php, line 684]
2013-05-20 11:52:23 Warning: Warning (2): Invalid argument supplied for foreach() in [D:\xampp\htdocs\salplus\app\models\recebimento.php, line 100]
2013-05-20 11:53:26 Warning: Warning (512): <span style="color:Red;text-align:left"><b>SQL Error:</b> 1054: Unknown column 'Contrato.dia_da_semana' in 'field list'</span> in [D:\xampp\htdocs\salplus\cake\libs\model\datasources\dbo_source.php, line 684]
2013-05-20 11:53:26 Warning: Warning (2): Invalid argument supplied for foreach() in [D:\xampp\htdocs\salplus\app\models\recebimento.php, line 100]
2013-05-20 18:19:38 Warning: Warning (512): <span style="color:Red;text-align:left"><b>SQL Error:</b> 1451: Cannot delete or update a parent row: a foreign key constraint fails (`sal`.`contratos`, CONSTRAINT `contratos_ibfk_4` FOREIGN KEY (`licitacao_id`) REFERENCES `licitacoes` (`id`))</span> in [D:\xampp\htdocs\salplus\cake\libs\model\datasources\dbo_source.php, line 684]
2013-05-20 18:20:32 Warning: Warning (512): <span style="color:Red;text-align:left"><b>SQL Error:</b> 1451: Cannot delete or update a parent row: a foreign key constraint fails (`sal`.`contratos`, CONSTRAINT `contratos_ibfk_4` FOREIGN KEY (`licitacao_id`) REFERENCES `licitacoes` (`id`))</span> in [D:\xampp\htdocs\salplus\cake\libs\model\datasources\dbo_source.php, line 684]
2013-05-20 18:21:11 Warning: Warning (512): <span style="color:Red;text-align:left"><b>SQL Error:</b> 1451: Cannot delete or update a parent row: a foreign key constraint fails (`sal`.`recursos`, CONSTRAINT `recursos_ibfk_2` FOREIGN KEY (`contrato_id`) REFERENCES `contratos` (`id`))</span> in [D:\xampp\htdocs\salplus\cake\libs\model\datasources\dbo_source.php, line 684]
2013-05-20 18:23:57 Warning: Warning (512): <span style="color:Red;text-align:left"><b>SQL Error:</b> 1451: Cannot delete or update a parent row: a foreign key constraint fails (`sal`.`contratos`, CONSTRAINT `contratos_ibfk_4` FOREIGN KEY (`licitacao_id`) REFERENCES `licitacoes` (`id`))</span> in [D:\xampp\htdocs\salplus\cake\libs\model\datasources\dbo_source.php, line 684]
2013-05-20 18:24:21 Warning: Warning (512): <span style="color:Red;text-align:left"><b>SQL Error:</b> 1451: Cannot delete or update a parent row: a foreign key constraint fails (`sal`.`aditivos`, CONSTRAINT `aditivos_ibfk_2` FOREIGN KEY (`contrato_id`) REFERENCES `contratos` (`id`))</span> in [D:\xampp\htdocs\salplus\cake\libs\model\datasources\dbo_source.php, line 684]
2013-05-20 18:24:35 Warning: Warning (512): <span style="color:Red;text-align:left"><b>SQL Error:</b> 1451: Cannot delete or update a parent row: a foreign key constraint fails (`sal`.`ocorrencias`, CONSTRAINT `ocorrencias_ibfk_1` FOREIGN KEY (`contrato_id`) REFERENCES `contratos` (`id`))</span> in [D:\xampp\htdocs\salplus\cake\libs\model\datasources\dbo_source.php, line 684]
2013-05-20 18:25:26 Warning: Warning (512): <span style="color:Red;text-align:left"><b>SQL Error:</b> 1451: Cannot delete or update a parent row: a foreign key constraint fails (`sal`.`contratos`, CONSTRAINT `contratos_ibfk_4` FOREIGN KEY (`licitacao_id`) REFERENCES `licitacoes` (`id`))</span> in [D:\xampp\htdocs\salplus\cake\libs\model\datasources\dbo_source.php, line 684]
2013-05-20 18:25:35 Warning: Warning (512): <span style="color:Red;text-align:left"><b>SQL Error:</b> 1451: Cannot delete or update a parent row: a foreign key constraint fails (`sal`.`aditivos`, CONSTRAINT `aditivos_ibfk_2` FOREIGN KEY (`contrato_id`) REFERENCES `contratos` (`id`))</span> in [D:\xampp\htdocs\salplus\cake\libs\model\datasources\dbo_source.php, line 684]
2013-05-20 18:26:32 Warning: Warning (512): <span style="color:Red;text-align:left"><b>SQL Error:</b> 1451: Cannot delete or update a parent row: a foreign key constraint fails (`sal`.`eventos`, CONSTRAINT `eventos_ibfk_2` FOREIGN KEY (`licitacao_id`) REFERENCES `licitacoes` (`id`))</span> in [D:\xampp\htdocs\salplus\cake\libs\model\datasources\dbo_source.php, line 684]
2013-05-20 18:29:18 Warning: Warning (512): <span style="color:Red;text-align:left"><b>SQL Error:</b> 1451: Cannot delete or update a parent row: a foreign key constraint fails (`sal`.`resultados`, CONSTRAINT `resultados_ibfk_2` FOREIGN KEY (`empresa_id`) REFERENCES `empresas` (`id`))</span> in [D:\xampp\htdocs\salplus\cake\libs\model\datasources\dbo_source.php, line 684]
2013-05-21 17:54:01 Warning: Warning (512): <span style="color:Red;text-align:left"><b>SQL Error:</b> 1451: Cannot delete or update a parent row: a foreign key constraint fails (`sal`.`recursos`, CONSTRAINT `recursos_ibfk_1` FOREIGN KEY (`pessoa_id`) REFERENCES `pessoas` (`id`))</span> in [D:\xampp\htdocs\salplus\cake\libs\model\datasources\dbo_source.php, line 684]
2013-05-21 18:00:10 Warning: Warning (512): <span style="color:Red;text-align:left"><b>SQL Error:</b> 1451: Cannot delete or update a parent row: a foreign key constraint fails (`sal`.`ocorrencias`, CONSTRAINT `ocorrencias_ibfk_1` FOREIGN KEY (`contrato_id`) REFERENCES `contratos` (`id`))</span> in [D:\xampp\htdocs\salplus\cake\libs\model\datasources\dbo_source.php, line 684]
2013-05-21 18:24:01 Warning: Warning (512): <span style="color:Red;text-align:left"><b>SQL Error:</b> 1054: Unknown column 'Situacao.title' in 'where clause'</span> in [D:\xampp\htdocs\salplus\cake\libs\model\datasources\dbo_source.php, line 684]
2013-05-21 18:24:01 Warning: Warning (2): Invalid argument supplied for foreach() in [D:\xampp\htdocs\salplus\app\models\contrato.php, line 200]
2013-05-21 18:38:40 Warning: Warning (512): <span style="color:Red;text-align:left"><b>SQL Error:</b> 1451: Cannot delete or update a parent row: a foreign key constraint fails (`sal`.`resultados`, CONSTRAINT `resultados_ibfk_2` FOREIGN KEY (`empresa_id`) REFERENCES `empresas` (`id`))</span> in [D:\xampp\htdocs\salplus\cake\libs\model\datasources\dbo_source.php, line 684]
2013-05-21 18:46:20 Warning: Warning (512): <span style="color:Red;text-align:left"><b>SQL Error:</b> 1054: Unknown column 'Empresa.licitacao_id' in 'field list'</span> in [D:\xampp\htdocs\salplus\cake\libs\model\datasources\dbo_source.php, line 684]
2013-05-21 18:46:20 Warning: Warning (2): Invalid argument supplied for foreach() in [D:\xampp\htdocs\salplus\cake\libs\model\datasources\dbo_source.php, line 1104]
2013-05-21 18:46:51 Warning: Warning (512): <span style="color:Red;text-align:left"><b>SQL Error:</b> 1054: Unknown column 'Empresa.licitacao_id' in 'field list'</span> in [D:\xampp\htdocs\salplus\cake\libs\model\datasources\dbo_source.php, line 684]
2013-05-21 18:46:51 Warning: Warning (2): Invalid argument supplied for foreach() in [D:\xampp\htdocs\salplus\cake\libs\model\datasources\dbo_source.php, line 1104]
2013-05-21 18:47:20 Warning: Warning (512): <span style="color:Red;text-align:left"><b>SQL Error:</b> 1054: Unknown column 'Empresa.licitacao_id' in 'field list'</span> in [D:\xampp\htdocs\salplus\cake\libs\model\datasources\dbo_source.php, line 684]
2013-05-21 18:47:20 Warning: Warning (2): Invalid argument supplied for foreach() in [D:\xampp\htdocs\salplus\cake\libs\model\datasources\dbo_source.php, line 1104]
2013-05-21 18:47:55 Warning: Warning (512): <span style="color:Red;text-align:left"><b>SQL Error:</b> 1054: Unknown column 'Empresa.licitacao_id' in 'field list'</span> in [D:\xampp\htdocs\salplus\cake\libs\model\datasources\dbo_source.php, line 684]
2013-05-21 18:47:55 Warning: Warning (2): Invalid argument supplied for foreach() in [D:\xampp\htdocs\salplus\cake\libs\model\datasources\dbo_source.php, line 1104]
2013-05-21 18:48:57 Warning: Warning (512): <span style="color:Red;text-align:left"><b>SQL Error:</b> 1054: Unknown column 'Resultado.licitacao_id' in 'field list'</span> in [D:\xampp\htdocs\salplus\cake\libs\model\datasources\dbo_source.php, line 684]
2013-05-21 18:48:57 Warning: Warning (2): Invalid argument supplied for foreach() in [D:\xampp\htdocs\salplus\cake\libs\model\datasources\dbo_source.php, line 1104]
2013-05-21 18:50:53 Warning: Warning (512): <span style="color:Red;text-align:left"><b>SQL Error:</b> 1062: Duplicate entry '1-3' for key 'resultados_candidate_key_1'</span> in [D:\xampp\htdocs\salplus\cake\libs\model\datasources\dbo_source.php, line 684]
2013-05-21 18:51:37 Warning: Warning (512): <span style="color:Red;text-align:left"><b>SQL Error:</b> 1062: Duplicate entry '1-3' for key 'resultados_candidate_key_1'</span> in [D:\xampp\htdocs\salplus\cake\libs\model\datasources\dbo_source.php, line 684]
2013-05-21 18:52:17 Warning: Warning (512): <span style="color:Red;text-align:left"><b>SQL Error:</b> 1062: Duplicate entry '1-3' for key 'resultados_candidate_key_1'</span> in [D:\xampp\htdocs\salplus\cake\libs\model\datasources\dbo_source.php, line 684]
2013-05-21 18:53:38 Warning: Warning (512): <span style="color:Red;text-align:left"><b>SQL Error:</b> 1062: Duplicate entry '1-3' for key 'resultados_candidate_key_1'</span> in [D:\xampp\htdocs\salplus\cake\libs\model\datasources\dbo_source.php, line 684]
